[INFO  - 2021-09-28T23:42:57.773Z] GhostDriver - Main - running on port 10244
[INFO  - 2021-09-28T23:42:57.996Z] Session [cf409b90-20b5-11ec-894f-8bb3fea5300c] - page.settings - {"XSSAuditingEnabled":false,"javascriptCanCloseWindows":true,"javascriptCanOpenWindows":true,"javascriptEnabled":true,"loadImages":true,"localToRemoteUrlAccessEnabled":false,"userAgent":"Mozilla/5.0 (Windows NT 6.2; WOW64) AppleWebKit/538.1 (KHTML, like Gecko) PhantomJS/2.1.1 Safari/538.1","webSecurityEnabled":true}
[INFO  - 2021-09-28T23:42:57.996Z] Session [cf409b90-20b5-11ec-894f-8bb3fea5300c] - page.customHeaders:  - {}
[INFO  - 2021-09-28T23:42:57.997Z] Session [cf409b90-20b5-11ec-894f-8bb3fea5300c] - Session.negotiatedCapabilities - {"browserName":"phantomjs","version":"2.1.1","driverName":"ghostdriver","driverVersion":"1.2.0","platform":"windows-10-32bit","javascriptEnabled":true,"takesScreenshot":true,"handlesAlerts":false,"databaseEnabled":false,"locationContextEnabled":false,"applicationCacheEnabled":false,"browserConnectionEnabled":false,"cssSelectorsEnabled":true,"webStorageEnabled":false,"rotatable":false,"acceptSslCerts":false,"nativeEvents":true,"proxy":{"proxyType":"direct"}}
[INFO  - 2021-09-28T23:42:57.997Z] SessionManagerReqHand - _postNewSessionCommand - New Session Created: cf409b90-20b5-11ec-894f-8bb3fea5300c
[INFO  - 2021-09-28T23:47:58.007Z] SessionManagerReqHand - _cleanupWindowlessSessions - Asynchronous Sessions clean-up phase starting NOW
[INFO  - 2021-09-28T23:52:58.014Z] SessionManagerReqHand - _cleanupWindowlessSessions - Asynchronous Sessions clean-up phase starting NOW
[INFO  - 2021-09-28T23:57:58.039Z] SessionManagerReqHand - _cleanupWindowlessSessions - Asynchronous Sessions clean-up phase starting NOW
[INFO  - 2021-09-29T00:02:58.040Z] SessionManagerReqHand - _cleanupWindowlessSessions - Asynchronous Sessions clean-up phase starting NOW
[INFO  - 2021-09-29T00:07:58.040Z] SessionManagerReqHand - _cleanupWindowlessSessions - Asynchronous Sessions clean-up phase starting NOW
[INFO  - 2021-09-29T00:12:58.044Z] SessionManagerReqHand - _cleanupWindowlessSessions - Asynchronous Sessions clean-up phase starting NOW
[INFO  - 2021-09-29T00:17:58.058Z] SessionManagerReqHand - _cleanupWindowlessSessions - Asynchronous Sessions clean-up phase starting NOW
[INFO  - 2021-09-29T00:22:58.060Z] SessionManagerReqHand - _cleanupWindowlessSessions - Asynchronous Sessions clean-up phase starting NOW
[INFO  - 2021-09-29T00:27:58.061Z] SessionManagerReqHand - _cleanupWindowlessSessions - Asynchronous Sessions clean-up phase starting NOW
[INFO  - 2021-09-29T00:32:58.076Z] SessionManagerReqHand - _cleanupWindowlessSessions - Asynchronous Sessions clean-up phase starting NOW
[INFO  - 2021-09-29T00:37:58.088Z] SessionManagerReqHand - _cleanupWindowlessSessions - Asynchronous Sessions clean-up phase starting NOW
[INFO  - 2021-09-29T00:42:58.088Z] SessionManagerReqHand - _cleanupWindowlessSessions - Asynchronous Sessions clean-up phase starting NOW
[INFO  - 2021-09-29T00:47:58.090Z] SessionManagerReqHand - _cleanupWindowlessSessions - Asynchronous Sessions clean-up phase starting NOW
[INFO  - 2021-09-29T00:52:58.091Z] SessionManagerReqHand - _cleanupWindowlessSessions - Asynchronous Sessions clean-up phase starting NOW
[INFO  - 2021-09-29T00:57:58.091Z] SessionManagerReqHand - _cleanupWindowlessSessions - Asynchronous Sessions clean-up phase starting NOW
[INFO  - 2021-09-29T01:02:58.095Z] SessionManagerReqHand - _cleanupWindowlessSessions - Asynchronous Sessions clean-up phase starting NOW
[INFO  - 2021-09-29T01:07:58.099Z] SessionManagerReqHand - _cleanupWindowlessSessions - Asynchronous Sessions clean-up phase starting NOW
[INFO  - 2021-09-29T01:12:58.112Z] SessionManagerReqHand - _cleanupWindowlessSessions - Asynchronous Sessions clean-up phase starting NOW
[INFO  - 2021-09-29T01:17:58.121Z] SessionManagerReqHand - _cleanupWindowlessSessions - Asynchronous Sessions clean-up phase starting NOW
[INFO  - 2021-09-29T01:22:58.121Z] SessionManagerReqHand - _cleanupWindowlessSessions - Asynchronous Sessions clean-up phase starting NOW
[INFO  - 2021-09-29T01:27:58.123Z] SessionManagerReqHand - _cleanupWindowlessSessions - Asynchronous Sessions clean-up phase starting NOW
[INFO  - 2021-09-29T01:32:58.138Z] SessionManagerReqHand - _cleanupWindowlessSessions - Asynchronous Sessions clean-up phase starting NOW
[INFO  - 2021-09-29T01:37:58.138Z] SessionManagerReqHand - _cleanupWindowlessSessions - Asynchronous Sessions clean-up phase starting NOW
[INFO  - 2021-09-29T01:42:58.137Z] SessionManagerReqHand - _cleanupWindowlessSessions - Asynchronous Sessions clean-up phase starting NOW
[INFO  - 2021-09-29T01:47:58.138Z] SessionManagerReqHand - _cleanupWindowlessSessions - Asynchronous Sessions clean-up phase starting NOW
[INFO  - 2021-09-29T01:52:58.158Z] SessionManagerReqHand - _cleanupWindowlessSessions - Asynchronous Sessions clean-up phase starting NOW
[INFO  - 2021-09-29T01:57:58.167Z] SessionManagerReqHand - _cleanupWindowlessSessions - Asynchronous Sessions clean-up phase starting NOW
[INFO  - 2021-09-29T02:02:58.178Z] SessionManagerReqHand - _cleanupWindowlessSessions - Asynchronous Sessions clean-up phase starting NOW
[INFO  - 2021-09-29T02:07:58.188Z] SessionManagerReqHand - _cleanupWindowlessSessions - Asynchronous Sessions clean-up phase starting NOW
[INFO  - 2021-09-29T02:12:58.189Z] SessionManagerReqHand - _cleanupWindowlessSessions - Asynchronous Sessions clean-up phase starting NOW
[INFO  - 2021-09-29T02:17:58.203Z] SessionManagerReqHand - _cleanupWindowlessSessions - Asynchronous Sessions clean-up phase starting NOW
[INFO  - 2021-09-29T02:22:58.205Z] SessionManagerReqHand - _cleanupWindowlessSessions - Asynchronous Sessions clean-up phase starting NOW
[INFO  - 2021-09-29T02:27:58.204Z] SessionManagerReqHand - _cleanupWindowlessSessions - Asynchronous Sessions clean-up phase starting NOW
[INFO  - 2021-09-29T02:32:58.216Z] SessionManagerReqHand - _cleanupWindowlessSessions - Asynchronous Sessions clean-up phase starting NOW
[INFO  - 2021-09-29T02:37:58.218Z] SessionManagerReqHand - _cleanupWindowlessSessions - Asynchronous Sessions clean-up phase starting NOW
[INFO  - 2021-09-29T02:42:58.222Z] SessionManagerReqHand - _cleanupWindowlessSessions - Asynchronous Sessions clean-up phase starting NOW
[INFO  - 2021-09-29T02:47:58.238Z] SessionManagerReqHand - _cleanupWindowlessSessions - Asynchronous Sessions clean-up phase starting NOW
[INFO  - 2021-09-29T02:52:58.246Z] SessionManagerReqHand - _cleanupWindowlessSessions - Asynchronous Sessions clean-up phase starting NOW
[INFO  - 2021-09-29T02:57:58.263Z] SessionManagerReqHand - _cleanupWindowlessSessions - Asynchronous Sessions clean-up phase starting NOW
[INFO  - 2021-09-29T03:02:58.272Z] SessionManagerReqHand - _cleanupWindowlessSessions - Asynchronous Sessions clean-up phase starting NOW
[INFO  - 2021-09-29T03:07:58.283Z] SessionManagerReqHand - _cleanupWindowlessSessions - Asynchronous Sessions clean-up phase starting NOW
[INFO  - 2021-09-29T03:12:58.290Z] SessionManagerReqHand - _cleanupWindowlessSessions - Asynchronous Sessions clean-up phase starting NOW
[INFO  - 2021-09-29T14:57:14.167Z] GhostDriver - Main - running on port 9618
[INFO  - 2021-09-29T14:57:14.315Z] Session [882ac390-2135-11ec-9f89-a78a5caf66eb] - page.settings - {"XSSAuditingEnabled":false,"javascriptCanCloseWindows":true,"javascriptCanOpenWindows":true,"javascriptEnabled":true,"loadImages":true,"localToRemoteUrlAccessEnabled":false,"userAgent":"Mozilla/5.0 (Windows NT 6.2; WOW64) AppleWebKit/538.1 (KHTML, like Gecko) PhantomJS/2.1.1 Safari/538.1","webSecurityEnabled":true}
[INFO  - 2021-09-29T14:57:14.316Z] Session [882ac390-2135-11ec-9f89-a78a5caf66eb] - page.customHeaders:  - {}
[INFO  - 2021-09-29T14:57:14.316Z] Session [882ac390-2135-11ec-9f89-a78a5caf66eb] - Session.negotiatedCapabilities - {"browserName":"phantomjs","version":"2.1.1","driverName":"ghostdriver","driverVersion":"1.2.0","platform":"windows-10-32bit","javascriptEnabled":true,"takesScreenshot":true,"handlesAlerts":false,"databaseEnabled":false,"locationContextEnabled":false,"applicationCacheEnabled":false,"browserConnectionEnabled":false,"cssSelectorsEnabled":true,"webStorageEnabled":false,"rotatable":false,"acceptSslCerts":false,"nativeEvents":true,"proxy":{"proxyType":"direct"}}
[INFO  - 2021-09-29T14:57:14.316Z] SessionManagerReqHand - _postNewSessionCommand - New Session Created: 882ac390-2135-11ec-9f89-a78a5caf66eb
[ERROR - 2021-09-29T14:57:18.164Z] Session [882ac390-2135-11ec-9f89-a78a5caf66eb] - page.onError - msg: Error: Argument 'InboxCtrl' is not a function, got Object
cb@https://www.mailinator.com/v4/js/angular.min.js:17:131
xa@https://www.mailinator.com/v4/js/angular.min.js:17:189
https://www.mailinator.com/v4/js/angular.min.js:53:368
https://www.mailinator.com/v4/js/angular.min.js:44:275
n@https://www.mailinator.com/v4/js/angular.min.js:7:78
k@https://www.mailinator.com/v4/js/angular.min.js:44:140
e@https://www.mailinator.com/v4/js/angular.min.js:40:140
e@https://www.mailinator.com/v4/js/angular.min.js:40:157
https://www.mailinator.com/v4/js/angular.min.js:39:206
https://www.mailinator.com/v4/js/angular.min.js:16:313
$eval@https://www.mailinator.com/v4/js/angular.min.js:92:272
$apply@https://www.mailinator.com/v4/js/angular.min.js:92:384
https://www.mailinator.com/v4/js/angular.min.js:16:275
d@https://www.mailinator.com/v4/js/angular.min.js:27:475
c@https://www.mailinator.com/v4/js/angular.min.js:16:149
xb@https://www.mailinator.com/v4/js/angular.min.js:16:368
rc@https://www.mailinator.com/v4/js/angular.min.js:15:492
https://www.mailinator.com/v4/js/angular.min.js:178:352
e@https://www.mailinator.com/v4/js/jquery-3.5.1.min.js:2:59461
https://www.mailinator.com/v4/js/jquery-3.5.1.min.js:2:89699
[ERROR - 2021-09-29T14:57:18.164Z] Session [882ac390-2135-11ec-9f89-a78a5caf66eb] - page.onError - stack:
  (anonymous function) (https://www.mailinator.com/v4/js/angular.min.js:63)
[INFO  - 2021-09-29T15:02:14.173Z] SessionManagerReqHand - _cleanupWindowlessSessions - Asynchronous Sessions clean-up phase starting NOW
[INFO  - 2021-09-29T15:07:14.179Z] SessionManagerReqHand - _cleanupWindowlessSessions - Asynchronous Sessions clean-up phase starting NOW
[INFO  - 2021-09-29T15:12:14.185Z] SessionManagerReqHand - _cleanupWindowlessSessions - Asynchronous Sessions clean-up phase starting NOW
[INFO  - 2021-09-29T15:17:14.186Z] SessionManagerReqHand - _cleanupWindowlessSessions - Asynchronous Sessions clean-up phase starting NOW
[INFO  - 2021-09-29T15:22:14.204Z] SessionManagerReqHand - _cleanupWindowlessSessions - Asynchronous Sessions clean-up phase starting NOW
[INFO  - 2021-09-29T15:27:14.206Z] SessionManagerReqHand - _cleanupWindowlessSessions - Asynchronous Sessions clean-up phase starting NOW
[INFO  - 2021-09-29T15:32:14.219Z] SessionManagerReqHand - _cleanupWindowlessSessions - Asynchronous Sessions clean-up phase starting NOW
[INFO  - 2021-09-29T15:37:14.224Z] SessionManagerReqHand - _cleanupWindowlessSessions - Asynchronous Sessions clean-up phase starting NOW
alse,"acceptSslCerts":false,"nativeEvents":true,"proxy":{"proxyType":"direct"}}
[INFO  - 2021-09-29T14:58:57.904Z] SessionManagerReqHand - _postNewSessionCommand - New Session Created: c5e909d0-2135-11ec-a09c-1b5699b5a000
[ERROR - 2021-09-29T14:59:11.470Z] Session [c5e909d0-2135-11ec-a09c-1b5699b5a000] - page.onError - msg: Error: Argument 'InboxCtrl' is not a function, got Object
cb@https://www.mailinator.com/v4/js/angular.min.js:17:131
xa@https://www.mailinator.com/v4/js/angular.min.js:17:189
https://www.mailinator.com/v4/js/angular.min.js:53:368
https://www.mailinator.com/v4/js/angular.min.js:44:275
n@https://www.mailinator.com/v4/js/angular.min.js:7:78
k@https://www.mailinator.com/v4/js/angular.min.js:44:140
e@https://www.mailinator.com/v4/js/angular.min.js:40:140
e@https://www.mailinator.com/v4/js/angular.min.js:40:157
https://www.mailinator.com/v4/js/angular.min.js:39:206
https://www.mailinator.com/v4/js/angular.min.js:16:313
$eval@https://www.mailinator.com/v4/js/angular.min.js:92:272
$apply@https://www.mailinator.com/v4/js/angular.min.js:92:384
https://www.mailinator.com/v4/js/angular.min.js:16:275
d@https://www.mailinator.com/v4/js/angular.min.js:27:475
c@https://www.mailinator.com/v4/js/angular.min.js:16:149
xb@https://www.mailinator.com/v4/js/angular.min.js:16:368
rc@https://www.mailinator.com/v4/js/angular.min.js:15:492
https://www.mailinator.com/v4/js/angular.min.js:178:352
e@https://www.mailinator.com/v4/js/jquery-3.5.1.min.js:2:59461
https://www.mailinator.com/v4/js/jquery-3.5.1.min.js:2:59805
[ERROR - 2021-09-29T14:59:11.471Z] Session [c5e909d0-2135-11ec-a09c-1b5699b5a000] - page.onError - stack:
  (anonymous function) (https://www.mailinator.com/v4/js/angular.min.js:63)
[INFO  - 2021-09-29T15:03:57.815Z] SessionManagerReqHand - _cleanupWindowlessSessions - Asynchronous Sessions clean-up phase starting NOW
[INFO  - 2021-09-29T15:08:57.831Z] SessionManagerReqHand - _cleanupWindowlessSessions - Asynchronous Sessions clean-up phase starting NOW
[INFO  - 2021-09-29T15:13:57.839Z] SessionManagerReqHand - _cleanupWindowlessSessions - Asynchronous Sessions clean-up phase starting NOW
[INFO  - 2021-09-29T15:18:57.840Z] SessionManagerReqHand - _cleanupWindowlessSessions - Asynchronous Sessions clean-up phase starting NOW
[INFO  - 2021-09-29T15:23:57.843Z] SessionManagerReqHand - _cleanupWindowlessSessions - Asynchronous Sessions clean-up phase starting NOW
[INFO  - 2021-09-29T15:28:57.870Z] SessionManagerReqHand - _cleanupWindowlessSessions - Asynchronous Sessions clean-up phase starting NOW
[INFO  - 2021-09-29T15:33:57.879Z] SessionManagerReqHand - _cleanupWindowlessSessions - Asynchronous Sessions clean-up phase starting NOW
